This file contains any messages produced by compilers while
running configure, to aid debugging if configure makes a mistake.

It was created by configure, which was
generated by GNU Autoconf 2.69.  Invocation command line was

  $ ./configure 

## --------- ##
## Platform. ##
## --------- ##

hostname = tomoeCompu
uname -m = x86_64
uname -r = 3.13.0-45-generic
uname -s = Linux
uname -v = #74-Ubuntu SMP Tue Jan 13 19:36:28 UTC 2015

/usr/bin/uname -p = unknown
/bin/uname -X     = unknown

/bin/arch              = unknown
/usr/bin/arch -k       = unknown
/usr/convex/getsysinfo = unknown
/usr/bin/hostinfo      = unknown
/bin/machine           = unknown
/usr/bin/oslevel       = unknown
/bin/universe          = unknown

PATH: /usr/local/sbin
PATH: /usr/local/bin
PATH: /usr/sbin
PATH: /usr/bin
PATH: /sbin
PATH: /bin
PATH: /usr/games
PATH: /usr/local/games


## ----------- ##
## Core tests. ##
## ----------- ##

configure:2327: checking for a BSD-compatible install
configure:2395: result: /usr/bin/install -c
configure:2406: checking whether build environment is sane
configure:2461: result: yes
configure:2499: WARNING: 'missing' script is too old or missing
configure:2612: checking for a thread-safe mkdir -p
configure:2651: result: /bin/mkdir -p
configure:2658: checking for gawk
configure:2688: result: no
configure:2658: checking for mawk
configure:2674: found /usr/bin/mawk
configure:2685: result: mawk
configure:2696: checking whether make sets $(MAKE)
configure:2718: result: yes
configure:2747: checking whether make supports nested variables
configure:2764: result: yes
configure:2892: checking whether to enable maintainer-specific portions of Makefiles
configure:2901: result: no
configure:2915: checking whether NLS is requested
configure:2924: result: yes
configure:2940: checking for style of include used by make
configure:2968: result: GNU
configure:3039: checking for gcc
configure:3055: found /usr/bin/gcc
configure:3066: result: gcc
configure:3295: checking for C compiler version
configure:3304: gcc --version >&5
gcc (Ubuntu 4.8.2-19ubuntu1) 4.8.2
Copyright (C) 2013 Free Software Foundation, Inc.
This is free software; see the source for copying conditions.  There is NO
warranty; not even for MERCHANTABILITY or FITNESS FOR A PARTICULAR PURPOSE.

configure:3315: $? = 0
configure:3304: gcc -v >&5
Using built-in specs.
COLLECT_GCC=gcc
COLLECT_LTO_WRAPPER=/usr/lib/gcc/x86_64-linux-gnu/4.8/lto-wrapper
Target: x86_64-linux-gnu
Configured with: ../src/configure -v --with-pkgversion='Ubuntu 4.8.2-19ubuntu1' --with-bugurl=file:///usr/share/doc/gcc-4.8/README.Bugs --enable-languages=c,c++,java,go,d,fortran,objc,obj-c++ --prefix=/usr --program-suffix=-4.8 --enable-shared --enable-linker-build-id --libexecdir=/usr/lib --without-included-gettext --enable-threads=posix --with-gxx-include-dir=/usr/include/c++/4.8 --libdir=/usr/lib --enable-nls --with-sysroot=/ --enable-clocale=gnu --enable-libstdcxx-debug --enable-libstdcxx-time=yes --enable-gnu-unique-object --disable-libmudflap --enable-plugin --with-system-zlib --disable-browser-plugin --enable-java-awt=gtk --enable-gtk-cairo --with-java-home=/usr/lib/jvm/java-1.5.0-gcj-4.8-amd64/jre --enable-java-home --with-jvm-root-dir=/usr/lib/jvm/java-1.5.0-gcj-4.8-amd64 --with-jvm-jar-dir=/usr/lib/jvm-exports/java-1.5.0-gcj-4.8-amd64 --with-arch-directory=amd64 --with-ecj-jar=/usr/share/java/eclipse-ecj.jar --enable-objc-gc --enable-multiarch --disable-werror --with-arch-32=i686 --with-abi=m64 --with-multilib-list=m32,m64,mx32 --with-tune=generic --enable-checking=release --build=x86_64-linux-gnu --host=x86_64-linux-gnu --target=x86_64-linux-gnu
Thread model: posix
gcc version 4.8.2 (Ubuntu 4.8.2-19ubuntu1) 
configure:3315: $? = 0
configure:3304: gcc -V >&5
gcc: error: unrecognized command line option '-V'
gcc: fatal error: no input files
compilation terminated.
configure:3315: $? = 4
configure:3304: gcc -qversion >&5
gcc: error: unrecognized command line option '-qversion'
gcc: fatal error: no input files
compilation terminated.
configure:3315: $? = 4
configure:3335: checking whether the C compiler works
configure:3357: gcc    conftest.c  >&5
configure:3361: $? = 0
configure:3409: result: yes
configure:3412: checking for C compiler default output file name
configure:3414: result: a.out
configure:3420: checking for suffix of executables
configure:3427: gcc -o conftest    conftest.c  >&5
configure:3431: $? = 0
configure:3453: result: 
configure:3475: checking whether we are cross compiling
configure:3483: gcc -o conftest    conftest.c  >&5
configure:3487: $? = 0
configure:3494: ./conftest
configure:3498: $? = 0
configure:3513: result: no
configure:3518: checking for suffix of object files
configure:3540: gcc -c   conftest.c >&5
configure:3544: $? = 0
configure:3565: result: o
configure:3569: checking whether we are using the GNU C compiler
configure:3588: gcc -c   conftest.c >&5
configure:3588: $? = 0
configure:3597: result: yes
configure:3606: checking whether gcc accepts -g
configure:3626: gcc -c -g  conftest.c >&5
configure:3626: $? = 0
configure:3667: result: yes
configure:3684: checking for gcc option to accept ISO C89
configure:3747: gcc  -c -g -O2  conftest.c >&5
configure:3747: $? = 0
configure:3760: result: none needed
configure:3785: checking whether gcc understands -c and -o together
configure:3807: gcc -c conftest.c -o conftest2.o
configure:3810: $? = 0
configure:3807: gcc -c conftest.c -o conftest2.o
configure:3810: $? = 0
configure:3822: result: yes
configure:3841: checking dependency style of gcc
configure:3952: result: gcc3
configure:3982: checking for intltool >= 0.21
configure:3984: result: 0.50.2 found
configure:3992: checking for intltool-update
configure:4010: found /usr/bin/intltool-update
configure:4022: result: /usr/bin/intltool-update
configure:4032: checking for intltool-merge
configure:4050: found /usr/bin/intltool-merge
configure:4062: result: /usr/bin/intltool-merge
configure:4072: checking for intltool-extract
configure:4090: found /usr/bin/intltool-extract
configure:4102: result: /usr/bin/intltool-extract
configure:4256: checking for xgettext
configure:4274: found /usr/bin/xgettext
configure:4286: result: /usr/bin/xgettext
configure:4296: checking for msgmerge
configure:4314: found /usr/bin/msgmerge
configure:4326: result: /usr/bin/msgmerge
configure:4336: checking for msgfmt
configure:4354: found /usr/bin/msgfmt
configure:4366: result: /usr/bin/msgfmt
configure:4376: checking for gmsgfmt
configure:4407: result: /usr/bin/msgfmt
configure:4427: checking for perl
configure:4445: found /usr/bin/perl
configure:4457: result: /usr/bin/perl
configure:4468: checking for perl >= 5.8.1
configure:4475: result: 5.18.2
configure:4479: checking for XML::Parser
configure:4482: result: ok
configure:4507: gcc -o conftest -g -O2   conftest.c  >&5
configure:4507: $? = 0
configure:4583: checking for gcc
configure:4610: result: gcc
configure:4839: checking for C compiler version
configure:4848: gcc --version >&5
gcc (Ubuntu 4.8.2-19ubuntu1) 4.8.2
Copyright (C) 2013 Free Software Foundation, Inc.
This is free software; see the source for copying conditions.  There is NO
warranty; not even for MERCHANTABILITY or FITNESS FOR A PARTICULAR PURPOSE.

configure:4859: $? = 0
configure:4848: gcc -v >&5
Using built-in specs.
COLLECT_GCC=gcc
COLLECT_LTO_WRAPPER=/usr/lib/gcc/x86_64-linux-gnu/4.8/lto-wrapper
Target: x86_64-linux-gnu
Configured with: ../src/configure -v --with-pkgversion='Ubuntu 4.8.2-19ubuntu1' --with-bugurl=file:///usr/share/doc/gcc-4.8/README.Bugs --enable-languages=c,c++,java,go,d,fortran,objc,obj-c++ --prefix=/usr --program-suffix=-4.8 --enable-shared --enable-linker-build-id --libexecdir=/usr/lib --without-included-gettext --enable-threads=posix --with-gxx-include-dir=/usr/include/c++/4.8 --libdir=/usr/lib --enable-nls --with-sysroot=/ --enable-clocale=gnu --enable-libstdcxx-debug --enable-libstdcxx-time=yes --enable-gnu-unique-object --disable-libmudflap --enable-plugin --with-system-zlib --disable-browser-plugin --enable-java-awt=gtk --enable-gtk-cairo --with-java-home=/usr/lib/jvm/java-1.5.0-gcj-4.8-amd64/jre --enable-java-home --with-jvm-root-dir=/usr/lib/jvm/java-1.5.0-gcj-4.8-amd64 --with-jvm-jar-dir=/usr/lib/jvm-exports/java-1.5.0-gcj-4.8-amd64 --with-arch-directory=amd64 --with-ecj-jar=/usr/share/java/eclipse-ecj.jar --enable-objc-gc --enable-multiarch --disable-werror --with-arch-32=i686 --with-abi=m64 --with-multilib-list=m32,m64,mx32 --with-tune=generic --enable-checking=release --build=x86_64-linux-gnu --host=x86_64-linux-gnu --target=x86_64-linux-gnu
Thread model: posix
gcc version 4.8.2 (Ubuntu 4.8.2-19ubuntu1) 
configure:4859: $? = 0
configure:4848: gcc -V >&5
gcc: error: unrecognized command line option '-V'
gcc: fatal error: no input files
compilation terminated.
configure:4859: $? = 4
configure:4848: gcc -qversion >&5
gcc: error: unrecognized command line option '-qversion'
gcc: fatal error: no input files
compilation terminated.
configure:4859: $? = 4
configure:4863: checking whether we are using the GNU C compiler
configure:4891: result: yes
configure:4900: checking whether gcc accepts -g
configure:4961: result: yes
configure:4978: checking for gcc option to accept ISO C89
configure:5054: result: none needed
configure:5079: checking whether gcc understands -c and -o together
configure:5116: result: yes
configure:5135: checking dependency style of gcc
configure:5246: result: gcc3
configure:5261: checking for library containing strerror
configure:5292: gcc -o conftest -g -O2   conftest.c  >&5
configure:5292: $? = 0
configure:5309: result: none required
configure:5322: checking how to run the C preprocessor
configure:5353: gcc -E  conftest.c
configure:5353: $? = 0
configure:5367: gcc -E  conftest.c
conftest.c:11:28: fatal error: ac_nonexistent.h: No such file or directory
 #include <ac_nonexistent.h>
                            ^
compilation terminated.
configure:5367: $? = 1
configure: failed program was:
| /* confdefs.h */
| #define PACKAGE_NAME ""
| #define PACKAGE_TARNAME ""
| #define PACKAGE_VERSION ""
| #define PACKAGE_STRING ""
| #define PACKAGE_BUGREPORT ""
| #define PACKAGE_URL ""
| #define PACKAGE "gpredict"
| #define VERSION "1.3"
| /* end confdefs.h.  */
| #include <ac_nonexistent.h>
configure:5392: result: gcc -E
configure:5412: gcc -E  conftest.c
configure:5412: $? = 0
configure:5426: gcc -E  conftest.c
conftest.c:11:28: fatal error: ac_nonexistent.h: No such file or directory
 #include <ac_nonexistent.h>
                            ^
compilation terminated.
configure:5426: $? = 1
configure: failed program was:
| /* confdefs.h */
| #define PACKAGE_NAME ""
| #define PACKAGE_TARNAME ""
| #define PACKAGE_VERSION ""
| #define PACKAGE_STRING ""
| #define PACKAGE_BUGREPORT ""
| #define PACKAGE_URL ""
| #define PACKAGE "gpredict"
| #define VERSION "1.3"
| /* end confdefs.h.  */
| #include <ac_nonexistent.h>
configure:5455: checking for grep that handles long lines and -e
configure:5513: result: /bin/grep
configure:5518: checking for egrep
configure:5580: result: /bin/grep -E
configure:5585: checking for ANSI C header files
configure:5605: gcc -c -g -O2  conftest.c >&5
configure:5605: $? = 0
configure:5678: gcc -o conftest -g -O2   conftest.c  >&5
configure:5678: $? = 0
configure:5678: ./conftest
configure:5678: $? = 0
configure:5689: result: yes
configure:5726: checking build system type
configure:5740: result: x86_64-unknown-linux-gnu
configure:5760: checking host system type
configure:5773: result: x86_64-unknown-linux-gnu
configure:5814: checking how to print strings
configure:5841: result: printf
configure:5862: checking for a sed that does not truncate output
configure:5926: result: /bin/sed
configure:5944: checking for fgrep
configure:6006: result: /bin/grep -F
configure:6041: checking for ld used by gcc
configure:6108: result: /usr/bin/ld
configure:6115: checking if the linker (/usr/bin/ld) is GNU ld
configure:6130: result: yes
configure:6142: checking for BSD- or MS-compatible name lister (nm)
configure:6191: result: /usr/bin/nm -B
configure:6321: checking the name lister (/usr/bin/nm -B) interface
configure:6328: gcc -c -g -O2  conftest.c >&5
configure:6331: /usr/bin/nm -B "conftest.o"
configure:6334: output
0000000000000000 B some_variable
configure:6341: result: BSD nm
configure:6344: checking whether ln -s works
configure:6348: result: yes
configure:6356: checking the maximum length of command line arguments
configure:6487: result: 1572864
configure:6504: checking whether the shell understands some XSI constructs
configure:6514: result: yes
configure:6518: checking whether the shell understands "+="
configure:6524: result: yes
configure:6559: checking how to convert x86_64-unknown-linux-gnu file names to x86_64-unknown-linux-gnu format
configure:6599: result: func_convert_file_noop
configure:6606: checking how to convert x86_64-unknown-linux-gnu file names to toolchain format
configure:6626: result: func_convert_file_noop
configure:6633: checking for /usr/bin/ld option to reload object files
configure:6640: result: -r
configure:6714: checking for objdump
configure:6730: found /usr/bin/objdump
configure:6741: result: objdump
configure:6773: checking how to recognize dependent libraries
configure:6971: result: pass_all
configure:7056: checking for dlltool
configure:7086: result: no
configure:7116: checking how to associate runtime and link libraries
configure:7143: result: printf %s\n
configure:7203: checking for ar
configure:7219: found /usr/bin/ar
configure:7230: result: ar
configure:7267: checking for archiver @FILE support
configure:7284: gcc -c -g -O2  conftest.c >&5
configure:7284: $? = 0
configure:7287: ar cru libconftest.a @conftest.lst >&5
configure:7290: $? = 0
configure:7295: ar cru libconftest.a @conftest.lst >&5
ar: conftest.o: No such file or directory
configure:7298: $? = 1
configure:7310: result: @
configure:7368: checking for strip
configure:7384: found /usr/bin/strip
configure:7395: result: strip
configure:7467: checking for ranlib
configure:7483: found /usr/bin/ranlib
configure:7494: result: ranlib
configure:7596: checking command to parse /usr/bin/nm -B output from gcc object
configure:7716: gcc -c -g -O2  conftest.c >&5
configure:7719: $? = 0
configure:7723: /usr/bin/nm -B conftest.o \| sed -n -e 's/^.*[ ]\([ABCDGIRSTW][ABCDGIRSTW]*\)[ ][ ]*\([_A-Za-z][_A-Za-z0-9]*\)$/\1 \2 \2/p' | sed '/ __gnu_lto/d' \> conftest.nm
configure:7726: $? = 0
configure:7792: gcc -o conftest -g -O2   conftest.c conftstm.o >&5
configure:7795: $? = 0
configure:7833: result: ok
configure:7870: checking for sysroot
configure:7900: result: no
configure:7977: gcc -c -g -O2  conftest.c >&5
configure:7980: $? = 0
configure:8169: checking for mt
configure:8185: found /bin/mt
configure:8196: result: mt
configure:8219: checking if mt is a manifest tool
configure:8225: mt '-?'
configure:8233: result: no
configure:8875: checking for sys/types.h
configure:8875: gcc -c -g -O2  conftest.c >&5
configure:8875: $? = 0
configure:8875: result: yes
configure:8875: checking for sys/stat.h
configure:8875: gcc -c -g -O2  conftest.c >&5
configure:8875: $? = 0
configure:8875: result: yes
configure:8875: checking for stdlib.h
configure:8875: gcc -c -g -O2  conftest.c >&5
configure:8875: $? = 0
configure:8875: result: yes
configure:8875: checking for string.h
configure:8875: gcc -c -g -O2  conftest.c >&5
configure:8875: $? = 0
configure:8875: result: yes
configure:8875: checking for memory.h
configure:8875: gcc -c -g -O2  conftest.c >&5
configure:8875: $? = 0
configure:8875: result: yes
configure:8875: checking for strings.h
configure:8875: gcc -c -g -O2  conftest.c >&5
configure:8875: $? = 0
configure:8875: result: yes
configure:8875: checking for inttypes.h
configure:8875: gcc -c -g -O2  conftest.c >&5
configure:8875: $? = 0
configure:8875: result: yes
configure:8875: checking for stdint.h
configure:8875: gcc -c -g -O2  conftest.c >&5
configure:8875: $? = 0
configure:8875: result: yes
configure:8875: checking for unistd.h
configure:8875: gcc -c -g -O2  conftest.c >&5
configure:8875: $? = 0
configure:8875: result: yes
configure:8889: checking for dlfcn.h
configure:8889: gcc -c -g -O2  conftest.c >&5
configure:8889: $? = 0
configure:8889: result: yes
configure:9095: checking for objdir
configure:9110: result: .libs
configure:9377: checking if gcc supports -fno-rtti -fno-exceptions
configure:9395: gcc -c -g -O2  -fno-rtti -fno-exceptions conftest.c >&5
cc1: warning: command line option '-fno-rtti' is valid for C++/ObjC++ but not for C [enabled by default]
configure:9399: $? = 0
configure:9412: result: no
configure:9739: checking for gcc option to produce PIC
configure:9746: result: -fPIC -DPIC
configure:9754: checking if gcc PIC flag -fPIC -DPIC works
configure:9772: gcc -c -g -O2  -fPIC -DPIC -DPIC conftest.c >&5
configure:9776: $? = 0
configure:9789: result: yes
configure:9818: checking if gcc static flag -static works
configure:9846: result: yes
configure:9861: checking if gcc supports -c -o file.o
configure:9882: gcc -c -g -O2  -o out/conftest2.o conftest.c >&5
configure:9886: $? = 0
configure:9908: result: yes
configure:9916: checking if gcc supports -c -o file.o
configure:9963: result: yes
configure:9996: checking whether the gcc linker (/usr/bin/ld -m elf_x86_64) supports shared libraries
configure:11153: result: yes
configure:11190: checking whether -lc should be explicitly linked in
configure:11198: gcc -c -g -O2  conftest.c >&5
configure:11201: $? = 0
configure:11216: gcc -shared  -fPIC -DPIC conftest.o  -v -Wl,-soname -Wl,conftest -o conftest 2\>\&1 \| /bin/grep  -lc  \>/dev/null 2\>\&1
configure:11219: $? = 0
configure:11233: result: no
configure:11393: checking dynamic linker characteristics
configure:11893: gcc -o conftest -g -O2   -Wl,-rpath -Wl,/foo conftest.c  >&5
configure:11893: $? = 0
configure:12127: result: GNU/Linux ld.so
configure:12234: checking how to hardcode library paths into programs
configure:12259: result: immediate
configure:12799: checking whether stripping libraries is possible
configure:12804: result: yes
configure:12839: checking if libtool supports shared libraries
configure:12841: result: yes
configure:12844: checking whether to build shared libraries
configure:12865: result: yes
configure:12868: checking whether to build static libraries
configure:12872: result: yes
configure:12913: checking sys/time.h usability
configure:12913: gcc -c -g -O2  conftest.c >&5
configure:12913: $? = 0
configure:12913: result: yes
configure:12913: checking sys/time.h presence
configure:12913: gcc -E  conftest.c
configure:12913: $? = 0
configure:12913: result: yes
configure:12913: checking for sys/time.h
configure:12913: result: yes
configure:12913: checking for unistd.h
configure:12913: result: yes
configure:12913: checking getopt.h usability
configure:12913: gcc -c -g -O2  conftest.c >&5
configure:12913: $? = 0
configure:12913: result: yes
configure:12913: checking getopt.h presence
configure:12913: gcc -E  conftest.c
configure:12913: $? = 0
configure:12913: result: yes
configure:12913: checking for getopt.h
configure:12913: result: yes
configure:12928: checking for sin in -lm
configure:12953: gcc -o conftest -g -O2 -Wall   conftest.c -lm   >&5
conftest.c:33:6: warning: conflicting types for built-in function 'sin' [enabled by default]
 char sin ();
      ^
configure:12953: $? = 0
configure:12962: result: yes
configure:13031: checking for pkg-config
configure:13049: found /usr/bin/pkg-config
configure:13061: result: /usr/bin/pkg-config
configure:13086: checking pkg-config is at least version 0.9.0
configure:13089: result: yes
configure:13099: checking for PACKAGE
configure:13106: $PKG_CONFIG --exists --print-errors "$pkg_modules"
configure:13109: $? = 0
configure:13123: $PKG_CONFIG --exists --print-errors "$pkg_modules"
configure:13126: $? = 0
configure:13184: result: yes
configure:13200: checking locale.h usability
configure:13200: gcc -c -g -O2 -Wall  conftest.c >&5
configure:13200: $? = 0
configure:13200: result: yes
configure:13200: checking locale.h presence
configure:13200: gcc -E  conftest.c
configure:13200: $? = 0
configure:13200: result: yes
configure:13200: checking for locale.h
configure:13200: result: yes
configure:13211: checking for LC_MESSAGES
configure:13227: gcc -o conftest -g -O2 -Wall   conftest.c -lm  >&5
configure:13227: $? = 0
configure:13235: result: yes
configure:13252: checking libintl.h usability
configure:13252: gcc -c -g -O2 -Wall  conftest.c >&5
configure:13252: $? = 0
configure:13252: result: yes
configure:13252: checking libintl.h presence
configure:13252: gcc -E  conftest.c
configure:13252: $? = 0
configure:13252: result: yes
configure:13252: checking for libintl.h
configure:13252: result: yes
configure:13260: checking for ngettext in libc
configure:13278: gcc -o conftest -g -O2 -Wall   conftest.c -lm  >&5
configure:13278: $? = 0
configure:13287: result: yes
configure:13291: checking for dgettext in libc
configure:13309: gcc -o conftest -g -O2 -Wall   conftest.c -lm  >&5
configure:13309: $? = 0
configure:13318: result: yes
configure:13325: checking for bind_textdomain_codeset
configure:13325: gcc -o conftest -g -O2 -Wall   conftest.c -lm  >&5
configure:13325: $? = 0
configure:13325: result: yes
configure:13601: checking for msgfmt
configure:13628: result: /usr/bin/msgfmt
configure:13639: checking for dcgettext
configure:13639: gcc -o conftest -g -O2 -Wall   conftest.c -lm   >&5
conftest.c:54:6: warning: conflicting types for built-in function 'dcgettext' [enabled by default]
 char dcgettext ();
      ^
configure:13639: $? = 0
configure:13639: result: yes
configure:13649: checking if msgfmt accepts -c
configure:13664: $MSGFMT -c -o /dev/null conftest.foo
conftest.foo:3: warning: header field 'Language' missing in header
configure:13667: $? = 0
configure:13669: result: yes
configure:13679: checking for gmsgfmt
configure:13710: result: /usr/bin/msgfmt
configure:13720: checking for xgettext
configure:13747: result: /usr/bin/xgettext
configure:13766: gcc -o conftest -g -O2 -Wall   conftest.c -lm   >&5
configure:13766: $? = 0
configure:13848: checking for catalogs to be installed
configure:13873: result:  cs da de en_GB en_US es fi fr it lt ru th
configure:14069: checking that generated files are newer than configure
configure:14075: result: done
configure:14114: creating ./config.status

## ---------------------- ##
## Running config.status. ##
## ---------------------- ##

This file was extended by config.status, which was
generated by GNU Autoconf 2.69.  Invocation command line was

  CONFIG_FILES    = 
  CONFIG_HEADERS  = 
  CONFIG_LINKS    = 
  CONFIG_COMMANDS = 
  $ ./config.status 

on tomoeCompu

config.status:1188: creating Makefile
config.status:1188: creating doc/Makefile
config.status:1188: creating doc/man/gpredict.1
config.status:1188: creating doc/man/Makefile
config.status:1188: creating src/Makefile
config.status:1188: creating src/sgpsdp/Makefile
config.status:1188: creating src/sgpsdp/TR/Makefile
config.status:1188: creating pixmaps/Makefile
config.status:1188: creating pixmaps/maps/Makefile
config.status:1188: creating pixmaps/icons/Makefile
config.status:1188: creating data/Makefile
config.status:1188: creating data/desktop/Makefile
config.status:1188: creating data/satdata/Makefile
config.status:1188: creating data/trsp/Makefile
config.status:1188: creating po/Makefile.in
config.status:1188: creating build-config.h
config.status:1369: build-config.h is unchanged
config.status:1417: executing depfiles commands
config.status:1417: executing libtool commands
config.status:1417: executing default-1 commands
config.status:1417: executing po/stamp-it commands

## ---------------- ##
## Cache variables. ##
## ---------------- ##

ac_cv_build=x86_64-unknown-linux-gnu
ac_cv_c_compiler_gnu=yes
ac_cv_env_CC_set=
ac_cv_env_CC_value=
ac_cv_env_CFLAGS_set=
ac_cv_env_CFLAGS_value=
ac_cv_env_CPPFLAGS_set=
ac_cv_env_CPPFLAGS_value=
ac_cv_env_CPP_set=
ac_cv_env_CPP_value=
ac_cv_env_LDFLAGS_set=
ac_cv_env_LDFLAGS_value=
ac_cv_env_LIBS_set=
ac_cv_env_LIBS_value=
ac_cv_env_PACKAGE_CFLAGS_set=
ac_cv_env_PACKAGE_CFLAGS_value=
ac_cv_env_PACKAGE_LIBS_set=
ac_cv_env_PACKAGE_LIBS_value=
ac_cv_env_PKG_CONFIG_LIBDIR_set=
ac_cv_env_PKG_CONFIG_LIBDIR_value=
ac_cv_env_PKG_CONFIG_PATH_set=
ac_cv_env_PKG_CONFIG_PATH_value=
ac_cv_env_PKG_CONFIG_set=
ac_cv_env_PKG_CONFIG_value=
ac_cv_env_build_alias_set=
ac_cv_env_build_alias_value=
ac_cv_env_host_alias_set=
ac_cv_env_host_alias_value=
ac_cv_env_target_alias_set=
ac_cv_env_target_alias_value=
ac_cv_func_bind_textdomain_codeset=yes
ac_cv_func_dcgettext=yes
ac_cv_header_dlfcn_h=yes
ac_cv_header_getopt_h=yes
ac_cv_header_inttypes_h=yes
ac_cv_header_libintl_h=yes
ac_cv_header_locale_h=yes
ac_cv_header_memory_h=yes
ac_cv_header_stdc=yes
ac_cv_header_stdint_h=yes
ac_cv_header_stdlib_h=yes
ac_cv_header_string_h=yes
ac_cv_header_strings_h=yes
ac_cv_header_sys_stat_h=yes
ac_cv_header_sys_time_h=yes
ac_cv_header_sys_types_h=yes
ac_cv_header_unistd_h=yes
ac_cv_host=x86_64-unknown-linux-gnu
ac_cv_lib_m_sin=yes
ac_cv_objext=o
ac_cv_path_EGREP='/bin/grep -E'
ac_cv_path_FGREP='/bin/grep -F'
ac_cv_path_GMSGFMT=/usr/bin/msgfmt
ac_cv_path_GREP=/bin/grep
ac_cv_path_INTLTOOL_EXTRACT=/usr/bin/intltool-extract
ac_cv_path_INTLTOOL_MERGE=/usr/bin/intltool-merge
ac_cv_path_INTLTOOL_PERL=/usr/bin/perl
ac_cv_path_INTLTOOL_UPDATE=/usr/bin/intltool-update
ac_cv_path_MSGFMT=/usr/bin/msgfmt
ac_cv_path_MSGMERGE=/usr/bin/msgmerge
ac_cv_path_SED=/bin/sed
ac_cv_path_XGETTEXT=/usr/bin/xgettext
ac_cv_path_ac_pt_PKG_CONFIG=/usr/bin/pkg-config
ac_cv_path_install='/usr/bin/install -c'
ac_cv_path_mkdir=/bin/mkdir
ac_cv_prog_AWK=mawk
ac_cv_prog_CPP='gcc -E'
ac_cv_prog_ac_ct_AR=ar
ac_cv_prog_ac_ct_CC=gcc
ac_cv_prog_ac_ct_MANIFEST_TOOL=mt
ac_cv_prog_ac_ct_OBJDUMP=objdump
ac_cv_prog_ac_ct_RANLIB=ranlib
ac_cv_prog_ac_ct_STRIP=strip
ac_cv_prog_cc_c89=
ac_cv_prog_cc_g=yes
ac_cv_prog_make_make_set=yes
ac_cv_search_strerror='none required'
am_cv_CC_dependencies_compiler_type=gcc3
am_cv_make_support_nested_variables=yes
am_cv_prog_cc_c_o=yes
am_cv_val_LC_MESSAGES=yes
gt_cv_func_dgettext_libc=yes
gt_cv_func_dgettext_libintl=no
gt_cv_func_ngettext_libc=yes
gt_cv_have_gettext=yes
lt_cv_ar_at_file=@
lt_cv_archive_cmds_need_lc=no
lt_cv_deplibs_check_method=pass_all
lt_cv_file_magic_cmd='$MAGIC_CMD'
lt_cv_file_magic_test_file=
lt_cv_ld_reload_flag=-r
lt_cv_nm_interface='BSD nm'
lt_cv_objdir=.libs
lt_cv_path_LD=/usr/bin/ld
lt_cv_path_NM='/usr/bin/nm -B'
lt_cv_path_mainfest_tool=no
lt_cv_prog_compiler_c_o=yes
lt_cv_prog_compiler_pic='-fPIC -DPIC'
lt_cv_prog_compiler_pic_works=yes
lt_cv_prog_compiler_rtti_exceptions=no
lt_cv_prog_compiler_static_works=yes
lt_cv_prog_gnu_ld=yes
lt_cv_sharedlib_from_linklib_cmd='printf %s\n'
lt_cv_shlibpath_overrides_runpath=no
lt_cv_sys_global_symbol_pipe='sed -n -e '\''s/^.*[	 ]\([ABCDGIRSTW][ABCDGIRSTW]*\)[	 ][	 ]*\([_A-Za-z][_A-Za-z0-9]*\)$/\1 \2 \2/p'\'' | sed '\''/ __gnu_lto/d'\'''
lt_cv_sys_global_symbol_to_c_name_address='sed -n -e '\''s/^: \([^ ]*\)[ ]*$/  {\"\1\", (void *) 0},/p'\'' -e '\''s/^[ABCDGIRSTW]* \([^ ]*\) \([^ ]*\)$/  {"\2", (void *) \&\2},/p'\'''
lt_cv_sys_global_symbol_to_c_name_address_lib_prefix='sed -n -e '\''s/^: \([^ ]*\)[ ]*$/  {\"\1\", (void *) 0},/p'\'' -e '\''s/^[ABCDGIRSTW]* \([^ ]*\) \(lib[^ ]*\)$/  {"\2", (void *) \&\2},/p'\'' -e '\''s/^[ABCDGIRSTW]* \([^ ]*\) \([^ ]*\)$/  {"lib\2", (void *) \&\2},/p'\'''
lt_cv_sys_global_symbol_to_cdecl='sed -n -e '\''s/^T .* \(.*\)$/extern int \1();/p'\'' -e '\''s/^[ABCDGIRSTW]* .* \(.*\)$/extern char \1;/p'\'''
lt_cv_sys_max_cmd_len=1572864
lt_cv_to_host_file_cmd=func_convert_file_noop
lt_cv_to_tool_file_cmd=func_convert_file_noop
pkg_cv_PACKAGE_CFLAGS='-pthread -I/usr/include/gtk-2.0 -I/usr/lib/x86_64-linux-gnu/gtk-2.0/include -I/usr/include/atk-1.0 -I/usr/include/cairo -I/usr/include/gdk-pixbuf-2.0 -I/usr/include/pango-1.0 -I/usr/include/gio-unix-2.0/ -I/usr/include/freetype2 -I/usr/include/glib-2.0 -I/usr/lib/x86_64-linux-gnu/glib-2.0/include -I/usr/include/pixman-1 -I/usr/include/libpng12 -I/usr/include/harfbuzz -I/usr/include/goocanvas-1.0  '
pkg_cv_PACKAGE_LIBS='-pthread -lgthread-2.0 -lgoocanvas -lgtk-x11-2.0 -lgdk-x11-2.0 -latk-1.0 -lgio-2.0 -lpangoft2-1.0 -lpangocairo-1.0 -lgdk_pixbuf-2.0 -lcairo -lpango-1.0 -lfontconfig -lgobject-2.0 -lglib-2.0 -lfreetype -lcurl -llo -lpthread  '

## ----------------- ##
## Output variables. ##
## ----------------- ##

ACLOCAL='aclocal-1.14'
ALL_LINGUAS='cs da de en_GB en_US es fi fr it lt ru th'
AMDEPBACKSLASH='\'
AMDEP_FALSE='#'
AMDEP_TRUE=''
AMTAR='$${TAR-tar}'
AM_BACKSLASH='\'
AM_DEFAULT_V='$(AM_DEFAULT_VERBOSITY)'
AM_DEFAULT_VERBOSITY='1'
AM_V='$(V)'
AR='ar'
AUTOCONF='autoconf'
AUTOHEADER='autoheader'
AUTOMAKE='automake-1.14'
AWK='mawk'
CATALOGS=' cs.gmo da.gmo de.gmo en_GB.gmo en_US.gmo es.gmo fi.gmo fr.gmo it.gmo lt.gmo ru.gmo th.gmo'
CATOBJEXT='.gmo'
CC='gcc'
CCDEPMODE='depmode=gcc3'
CFLAGS='-g -O2 -Wall'
CPP='gcc -E'
CPPFLAGS=''
CYGPATH_W='echo'
DATADIRNAME='share'
DEFS='-DHAVE_CONFIG_H'
DEPDIR='.deps'
DLLTOOL='false'
DSYMUTIL=''
DUMPBIN=''
ECHO_C=''
ECHO_N='-n'
ECHO_T=''
EGREP='/bin/grep -E'
EXEEXT=''
FGREP='/bin/grep -F'
GETTEXT_PACKAGE='gpredict'
GMOFILES=' cs.gmo da.gmo de.gmo en_GB.gmo en_US.gmo es.gmo fi.gmo fr.gmo it.gmo lt.gmo ru.gmo th.gmo'
GMSGFMT='/usr/bin/msgfmt'
GREP='/bin/grep'
INSTALL_DATA='${INSTALL} -m 644'
INSTALL_PROGRAM='${INSTALL}'
INSTALL_SCRIPT='${INSTALL}'
INSTALL_STRIP_PROGRAM='$(install_sh) -c -s'
INSTOBJEXT='.mo'
INTLLIBS=''
INTLTOOL_CAVES_RULE='%.caves:     %.caves.in     $(INTLTOOL_MERGE) $(wildcard $(top_srcdir)/po/*.po) ; $(INTLTOOL_V_MERGE)LC_ALL=C $(INTLTOOL_MERGE) $(INTLTOOL_V_MERGE_OPTIONS) -d -u -c $(top_builddir)/po/.intltool-merge-cache $(top_srcdir)/po $< $@'
INTLTOOL_DESKTOP_RULE='%.desktop:   %.desktop.in   $(INTLTOOL_MERGE) $(wildcard $(top_srcdir)/po/*.po) ; $(INTLTOOL_V_MERGE)LC_ALL=C $(INTLTOOL_MERGE) $(INTLTOOL_V_MERGE_OPTIONS) -d -u -c $(top_builddir)/po/.intltool-merge-cache $(top_srcdir)/po $< $@'
INTLTOOL_DIRECTORY_RULE='%.directory: %.directory.in $(INTLTOOL_MERGE) $(wildcard $(top_srcdir)/po/*.po) ; $(INTLTOOL_V_MERGE)LC_ALL=C $(INTLTOOL_MERGE) $(INTLTOOL_V_MERGE_OPTIONS) -d -u -c $(top_builddir)/po/.intltool-merge-cache $(top_srcdir)/po $< $@'
INTLTOOL_EXTRACT='/usr/bin/intltool-extract'
INTLTOOL_KBD_RULE='%.kbd:       %.kbd.in       $(INTLTOOL_MERGE) $(wildcard $(top_srcdir)/po/*.po) ; $(INTLTOOL_V_MERGE)LC_ALL=C $(INTLTOOL_MERGE) $(INTLTOOL_V_MERGE_OPTIONS) -x -u -m -c $(top_builddir)/po/.intltool-merge-cache $(top_srcdir)/po $< $@'
INTLTOOL_KEYS_RULE='%.keys:      %.keys.in      $(INTLTOOL_MERGE) $(wildcard $(top_srcdir)/po/*.po) ; $(INTLTOOL_V_MERGE)LC_ALL=C $(INTLTOOL_MERGE) $(INTLTOOL_V_MERGE_OPTIONS) -k -u -c $(top_builddir)/po/.intltool-merge-cache $(top_srcdir)/po $< $@'
INTLTOOL_MERGE='/usr/bin/intltool-merge'
INTLTOOL_OAF_RULE='%.oaf:       %.oaf.in       $(INTLTOOL_MERGE) $(wildcard $(top_srcdir)/po/*.po) ; $(INTLTOOL_V_MERGE)LC_ALL=C $(INTLTOOL_MERGE) $(INTLTOOL_V_MERGE_OPTIONS) -o -p $(top_srcdir)/po $< $@'
INTLTOOL_PERL='/usr/bin/perl'
INTLTOOL_POLICY_RULE='%.policy:    %.policy.in    $(INTLTOOL_MERGE) $(wildcard $(top_srcdir)/po/*.po) ; $(INTLTOOL_V_MERGE)LC_ALL=C $(INTLTOOL_MERGE) $(INTLTOOL_V_MERGE_OPTIONS) -x -u -c $(top_builddir)/po/.intltool-merge-cache $(top_srcdir)/po $< $@'
INTLTOOL_PONG_RULE='%.pong:      %.pong.in      $(INTLTOOL_MERGE) $(wildcard $(top_srcdir)/po/*.po) ; $(INTLTOOL_V_MERGE)LC_ALL=C $(INTLTOOL_MERGE) $(INTLTOOL_V_MERGE_OPTIONS) -x -u -c $(top_builddir)/po/.intltool-merge-cache $(top_srcdir)/po $< $@'
INTLTOOL_PROP_RULE='%.prop:      %.prop.in      $(INTLTOOL_MERGE) $(wildcard $(top_srcdir)/po/*.po) ; $(INTLTOOL_V_MERGE)LC_ALL=C $(INTLTOOL_MERGE) $(INTLTOOL_V_MERGE_OPTIONS) -d -u -c $(top_builddir)/po/.intltool-merge-cache $(top_srcdir)/po $< $@'
INTLTOOL_SCHEMAS_RULE='%.schemas:   %.schemas.in   $(INTLTOOL_MERGE) $(wildcard $(top_srcdir)/po/*.po) ; $(INTLTOOL_V_MERGE)LC_ALL=C $(INTLTOOL_MERGE) $(INTLTOOL_V_MERGE_OPTIONS) -s -u -c $(top_builddir)/po/.intltool-merge-cache $(top_srcdir)/po $< $@'
INTLTOOL_SERVER_RULE='%.server:    %.server.in    $(INTLTOOL_MERGE) $(wildcard $(top_srcdir)/po/*.po) ; $(INTLTOOL_V_MERGE)LC_ALL=C $(INTLTOOL_MERGE) $(INTLTOOL_V_MERGE_OPTIONS) -o -u -c $(top_builddir)/po/.intltool-merge-cache $(top_srcdir)/po $< $@'
INTLTOOL_SERVICE_RULE='%.service: %.service.in   $(INTLTOOL_MERGE) $(wildcard $(top_srcdir)/po/*.po) ; $(INTLTOOL_V_MERGE)LC_ALL=C $(INTLTOOL_MERGE) $(INTLTOOL_V_MERGE_OPTIONS) -d -u -c $(top_builddir)/po/.intltool-merge-cache $(top_srcdir)/po $< $@'
INTLTOOL_SHEET_RULE='%.sheet:     %.sheet.in     $(INTLTOOL_MERGE) $(wildcard $(top_srcdir)/po/*.po) ; $(INTLTOOL_V_MERGE)LC_ALL=C $(INTLTOOL_MERGE) $(INTLTOOL_V_MERGE_OPTIONS) -x -u -c $(top_builddir)/po/.intltool-merge-cache $(top_srcdir)/po $< $@'
INTLTOOL_SOUNDLIST_RULE='%.soundlist: %.soundlist.in $(INTLTOOL_MERGE) $(wildcard $(top_srcdir)/po/*.po) ; $(INTLTOOL_V_MERGE)LC_ALL=C $(INTLTOOL_MERGE) $(INTLTOOL_V_MERGE_OPTIONS) -d -u -c $(top_builddir)/po/.intltool-merge-cache $(top_srcdir)/po $< $@'
INTLTOOL_THEME_RULE='%.theme:     %.theme.in     $(INTLTOOL_MERGE) $(wildcard $(top_srcdir)/po/*.po) ; $(INTLTOOL_V_MERGE)LC_ALL=C $(INTLTOOL_MERGE) $(INTLTOOL_V_MERGE_OPTIONS) -d -u -c $(top_builddir)/po/.intltool-merge-cache $(top_srcdir)/po $< $@'
INTLTOOL_UI_RULE='%.ui:        %.ui.in        $(INTLTOOL_MERGE) $(wildcard $(top_srcdir)/po/*.po) ; $(INTLTOOL_V_MERGE)LC_ALL=C $(INTLTOOL_MERGE) $(INTLTOOL_V_MERGE_OPTIONS) -x -u -c $(top_builddir)/po/.intltool-merge-cache $(top_srcdir)/po $< $@'
INTLTOOL_UPDATE='/usr/bin/intltool-update'
INTLTOOL_V_MERGE='$(INTLTOOL__v_MERGE_$(V))'
INTLTOOL_V_MERGE_OPTIONS='$(intltool__v_merge_options_$(V))'
INTLTOOL_XAM_RULE='%.xam:       %.xml.in       $(INTLTOOL_MERGE) $(wildcard $(top_srcdir)/po/*.po) ; $(INTLTOOL_V_MERGE)LC_ALL=C $(INTLTOOL_MERGE) $(INTLTOOL_V_MERGE_OPTIONS) -x -u -c $(top_builddir)/po/.intltool-merge-cache $(top_srcdir)/po $< $@'
INTLTOOL_XML_NOMERGE_RULE='%.xml:       %.xml.in       $(INTLTOOL_MERGE) ; $(INTLTOOL_V_MERGE)LC_ALL=C $(INTLTOOL_MERGE) $(INTLTOOL_V_MERGE_OPTIONS) -x -u --no-translations $< $@'
INTLTOOL_XML_RULE='%.xml:       %.xml.in       $(INTLTOOL_MERGE) $(wildcard $(top_srcdir)/po/*.po) ; $(INTLTOOL_V_MERGE)LC_ALL=C $(INTLTOOL_MERGE) $(INTLTOOL_V_MERGE_OPTIONS) -x -u -c $(top_builddir)/po/.intltool-merge-cache $(top_srcdir)/po $< $@'
INTLTOOL__v_MERGE_0='@echo "  ITMRG " $@;'
INTLTOOL__v_MERGE_='$(INTLTOOL__v_MERGE_$(AM_DEFAULT_VERBOSITY))'
LD='/usr/bin/ld -m elf_x86_64'
LDFLAGS=''
LIBOBJS=''
LIBS='-lm '
LIBTOOL='$(SHELL) $(top_builddir)/libtool'
LIPO=''
LN_S='ln -s'
LTLIBOBJS=''
MAINT='#'
MAINTAINER_MODE_FALSE=''
MAINTAINER_MODE_TRUE='#'
MAKEINFO='makeinfo'
MANIFEST_TOOL=':'
MKDIR_P='/bin/mkdir -p'
MKINSTALLDIRS='./mkinstalldirs'
MSGFMT='/usr/bin/msgfmt'
MSGFMT_OPTS='-c'
MSGMERGE='/usr/bin/msgmerge'
NM='/usr/bin/nm -B'
NMEDIT=''
OBJDUMP='objdump'
OBJEXT='o'
OTOOL64=''
OTOOL=''
PACKAGE='gpredict'
PACKAGE_BUGREPORT=''
PACKAGE_CFLAGS='-pthread -I/usr/include/gtk-2.0 -I/usr/lib/x86_64-linux-gnu/gtk-2.0/include -I/usr/include/atk-1.0 -I/usr/include/cairo -I/usr/include/gdk-pixbuf-2.0 -I/usr/include/pango-1.0 -I/usr/include/gio-unix-2.0/ -I/usr/include/freetype2 -I/usr/include/glib-2.0 -I/usr/lib/x86_64-linux-gnu/glib-2.0/include -I/usr/include/pixman-1 -I/usr/include/libpng12 -I/usr/include/harfbuzz -I/usr/include/goocanvas-1.0  '
PACKAGE_LIBS='-pthread -lgthread-2.0 -lgoocanvas -lgtk-x11-2.0 -lgdk-x11-2.0 -latk-1.0 -lgio-2.0 -lpangoft2-1.0 -lpangocairo-1.0 -lgdk_pixbuf-2.0 -lcairo -lpango-1.0 -lfontconfig -lgobject-2.0 -lglib-2.0 -lfreetype -lcurl -llo -lpthread  '
PACKAGE_NAME=''
PACKAGE_STRING=''
PACKAGE_TARNAME=''
PACKAGE_URL=''
PACKAGE_VERSION=''
PATH_SEPARATOR=':'
PKG_CONFIG='/usr/bin/pkg-config'
PKG_CONFIG_LIBDIR=''
PKG_CONFIG_PATH=''
POFILES=' cs.po da.po de.po en_GB.po en_US.po es.po fi.po fr.po it.po lt.po ru.po th.po'
POSUB='po'
PO_IN_DATADIR_FALSE=''
PO_IN_DATADIR_TRUE=''
RANLIB='ranlib'
SED='/bin/sed'
SET_MAKE=''
SHELL='/bin/bash'
STRIP='strip'
UPDATE_CACHES_FALSE=''
UPDATE_CACHES_TRUE='#'
USE_NLS='yes'
VERSION='1.3'
XGETTEXT='/usr/bin/xgettext'
ac_ct_AR='ar'
ac_ct_CC='gcc'
ac_ct_DUMPBIN=''
am__EXEEXT_FALSE=''
am__EXEEXT_TRUE='#'
am__fastdepCC_FALSE='#'
am__fastdepCC_TRUE=''
am__include='include'
am__isrc=''
am__leading_dot='.'
am__nodep='_no'
am__quote=''
am__tar='$${TAR-tar} chof - "$$tardir"'
am__untar='$${TAR-tar} xf -'
bindir='${exec_prefix}/bin'
build='x86_64-unknown-linux-gnu'
build_alias=''
build_cpu='x86_64'
build_os='linux-gnu'
build_vendor='unknown'
datadir='${datarootdir}'
datarootdir='${prefix}/share'
docdir='${datarootdir}/doc/${PACKAGE}'
dvidir='${docdir}'
exec_prefix='${prefix}'
host='x86_64-unknown-linux-gnu'
host_alias=''
host_cpu='x86_64'
host_os='linux-gnu'
host_vendor='unknown'
htmldir='${docdir}'
includedir='${prefix}/include'
infodir='${datarootdir}/info'
install_sh='${SHELL} /home/tomoe/Downloads/GPredict-osc/install-sh'
intltool__v_merge_options_0='-q'
intltool__v_merge_options_='$(intltool__v_merge_options_$(AM_DEFAULT_VERBOSITY))'
libdir='${exec_prefix}/lib'
libexecdir='${exec_prefix}/libexec'
localedir='${datarootdir}/locale'
localstatedir='${prefix}/var'
mandir='${datarootdir}/man'
mkdir_p='$(MKDIR_P)'
oldincludedir='/usr/include'
pdfdir='${docdir}'
prefix='/usr/local'
program_transform_name='s,x,x,'
psdir='${docdir}'
sbindir='${exec_prefix}/sbin'
sharedstatedir='${prefix}/com'
sysconfdir='${prefix}/etc'
target_alias=''

## ----------- ##
## confdefs.h. ##
## ----------- ##

/* confdefs.h */
#define PACKAGE_NAME ""
#define PACKAGE_TARNAME ""
#define PACKAGE_VERSION ""
#define PACKAGE_STRING ""
#define PACKAGE_BUGREPORT ""
#define PACKAGE_URL ""
#define PACKAGE "gpredict"
#define VERSION "1.3"
#define STDC_HEADERS 1
#define HAVE_SYS_TYPES_H 1
#define HAVE_SYS_STAT_H 1
#define HAVE_STDLIB_H 1
#define HAVE_STRING_H 1
#define HAVE_MEMORY_H 1
#define HAVE_STRINGS_H 1
#define HAVE_INTTYPES_H 1
#define HAVE_STDINT_H 1
#define HAVE_UNISTD_H 1
#define HAVE_DLFCN_H 1
#define LT_OBJDIR ".libs/"
#define HAVE_SYS_TIME_H 1
#define HAVE_UNISTD_H 1
#define HAVE_GETOPT_H 1
#define HAVE_LIBM 1
#define HAVE_LOCALE_H 1
#define HAVE_LC_MESSAGES 1
#define HAVE_BIND_TEXTDOMAIN_CODESET 1
#define HAVE_GETTEXT 1
#define HAVE_DCGETTEXT 1
#define ENABLE_NLS 1
#define GETTEXT_PACKAGE "gpredict"

configure: exit 0

## ---------------------- ##
## Running config.status. ##
## ---------------------- ##

This file was extended by config.status, which was
generated by GNU Autoconf 2.69.  Invocation command line was

  CONFIG_FILES    = 
  CONFIG_HEADERS  = 
  CONFIG_LINKS    = 
  CONFIG_COMMANDS = 
  $ ./config.status 

on tomoeCompu

config.status:1188: creating Makefile
config.status:1188: creating doc/Makefile
config.status:1188: creating doc/man/gpredict.1
config.status:1188: creating doc/man/Makefile
config.status:1188: creating src/Makefile
config.status:1188: creating src/sgpsdp/Makefile
config.status:1188: creating src/sgpsdp/TR/Makefile
config.status:1188: creating pixmaps/Makefile
config.status:1188: creating pixmaps/maps/Makefile
config.status:1188: creating pixmaps/icons/Makefile
config.status:1188: creating data/Makefile
config.status:1188: creating data/desktop/Makefile
config.status:1188: creating data/satdata/Makefile
config.status:1188: creating data/trsp/Makefile
config.status:1188: creating po/Makefile.in
config.status:1188: creating build-config.h
config.status:1369: build-config.h is unchanged
config.status:1417: executing depfiles commands
config.status:1417: executing libtool commands
config.status:1417: executing default-1 commands
config.status:1417: executing po/stamp-it commands
